<?xml version="1.0" encoding="UTF-8"?>
<!-- Generated by org.testng.reporters.JUnitReportReporter -->
<testsuite skipped="0" hostname="YUVA-PC" name="Test.HandlingAlert" tests="1" failures="0" timestamp="30 Aug 2020 05:05:29 GMT" time="43.635" errors="0">
  <testcase name="acceptReject" time="43.635" classname="Test.HandlingAlert"/>
</testsuite> <!-- Test.HandlingAlert -->
