<?xml version="1.0" encoding="UTF-8"?>
<!-- Generated by org.testng.reporters.JUnitReportReporter -->
<testsuite skipped="0" hostname="YUVA-PC" name="Test.Day4" tests="3" failures="0" timestamp="17 Jul 2020 13:58:21 GMT" time="0.016" errors="0">
  <testcase name="MobileloginHomeloan" time="0.016" classname="Test.Day4"/>
  <testcase name="WebloginHomeloan" time="0.000" classname="Test.Day4"/>
  <testcase name="LoginAPIHomeloan" time="0.000" classname="Test.Day4"/>
</testsuite> <!-- Test.Day4 -->
