<?xml version="1.0" encoding="UTF-8"?>
<!-- Generated by org.testng.reporters.JUnitReportReporter -->
<testsuite skipped="0" hostname="YUVA-PC" name="Test.Day2" tests="1" failures="0" timestamp="17 Jul 2020 13:58:21 GMT" time="0.000" errors="0">
  <testcase name="ploan" time="0.000" classname="Test.Day2"/>
</testsuite> <!-- Test.Day2 -->
