<?xml version="1.0" encoding="UTF-8"?>
<!-- Generated by org.testng.reporters.JUnitReportReporter -->
<testsuite skipped="0" hostname="YUVA-PC" name="Test.DropdownResult" tests="1" failures="0" timestamp="30 Aug 2020 08:28:30 GMT" time="24.954" errors="0">
  <testcase name="Dropdown" time="24.954" classname="Test.DropdownResult"/>
</testsuite> <!-- Test.DropdownResult -->
