<?xml version="1.0" encoding="UTF-8"?>
<!-- Generated by org.testng.reporters.JUnitReportReporter -->
<testsuite skipped="0" hostname="YUVA-PC" name="Test.Assignment3" tests="1" failures="0" timestamp="30 Aug 2020 09:18:19 GMT" time="19.183" errors="0">
  <testcase name="Button" time="19.183" classname="Test.Assignment3"/>
</testsuite> <!-- Test.Assignment3 -->
