<?xml version="1.0" encoding="UTF-8"?>
<!-- Generated by org.testng.reporters.JUnitReportReporter -->
<testsuite skipped="0" hostname="YUVA-PC" name="Test.Day3" tests="7" failures="0" timestamp="17 Jul 2020 13:58:21 GMT" time="0.047" errors="0">
  <testcase name="MobilesigninCarloan" time="0.000" classname="Test.Day3"/>
  <testcase name="WebloginCarloan" time="0.000" classname="Test.Day3"/>
  <testcase name="MobilesigninCarloan" time="0.016" classname="Test.Day3"/>
  <testcase name="LoginAPIcarloan" time="0.000" classname="Test.Day3"/>
  <testcase name="MobileloginCarloan" time="0.000" classname="Test.Day3"/>
  <testcase name="MobilesignoutCarloan" time="0.016" classname="Test.Day3"/>
  <testcase name="MobilesigninCarloan" time="0.015" classname="Test.Day3"/>
</testsuite> <!-- Test.Day3 -->
