<?xml version="1.0" encoding="UTF-8"?>
<!-- Generated by org.testng.reporters.JUnitReportReporter -->
<testsuite skipped="0" hostname="YUVA-PC" name="Test.Test1" tests="2" failures="0" timestamp="17 Jul 2020 13:51:41 GMT" time="0.031" errors="0">
  <testcase name="testCase1" time="0.015" classname="Test.Test1"/>
  <testcase name="testCase2" time="0.016" classname="Test.Test1"/>
</testsuite> <!-- Test.Test1 -->
